libraries/opencv/build/intermediates/manifest_merge_blame_file/release/manifest-merger-blame-release-report.txt
1<?xml version="1.0" encoding="utf-8"?>
2<manifest xmlns:android="http://schemas.android.com/apk/res/android"
3    package="org.opencv"
4    android:versionCode="2480"
5    android:versionName="2.4.8" >
6
7    <uses-sdk
7-->libraries\opencv\AndroidManifest.xml:4:5-16
8        android:minSdkVersion="1"
8-->libraries\opencv\AndroidManifest.xml:4:5-16
9        android:targetSdkVersion="29" />
9-->libraries\opencv\AndroidManifest.xml:4:5-16
10
11</manifest>